<?xml version="1.0" encoding="UTF-8"?>
<testsuite name="com.example.circletest.CircleTestApplicationTests" tests="2" skipped="0" failures="0" errors="0" timestamp="2019-08-29T15:21:48" hostname="aaron-dell" time="5.143">
  <properties/>
  <testcase name="takeALongTimeTest" classname="com.example.circletest.CircleTestApplicationTests" time="5.142"/>
  <testcase name="contextLoads" classname="com.example.circletest.CircleTestApplicationTests" time="0.0"/>
  <system-out><![CDATA[08:21:48.409 [Test worker] DEBUG org.springframework.test.context.junit4.SpringJUnit4ClassRunner - SpringJUnit4ClassRunner constructor called with [class com.example.circletest.CircleTestApplicationTests]
08:21:48.414 [Test worker] DEBUG org.springframework.test.context.BootstrapUtils - Instantiating CacheAwareContextLoaderDelegate from class [org.springframework.test.context.cache.DefaultCacheAwareContextLoaderDelegate]
08:21:48.418 [Test worker] DEBUG org.springframework.test.context.BootstrapUtils - Instantiating BootstrapContext using constructor [public org.springframework.test.context.support.DefaultBootstrapContext(java.lang.Class,org.springframework.test.context.CacheAwareContextLoaderDelegate)]
08:21:48.429 [Test worker] DEBUG org.springframework.test.context.BootstrapUtils - Instantiating TestContextBootstrapper for test class [com.example.circletest.CircleTestApplicationTests] from class [org.springframework.boot.test.context.SpringBootTestContextBootstrapper]
08:21:48.435 [Test worker] INFO org.springframework.boot.test.context.SpringBootTestContextBootstrapper - Neither @ContextConfiguration nor @ContextHierarchy found for test class [com.example.circletest.CircleTestApplicationTests], using SpringBootContextLoader
08:21:48.437 [Test worker] DEBUG org.springframework.test.context.support.AbstractContextLoader - Did not detect default resource location for test class [com.example.circletest.CircleTestApplicationTests]: class path resource [com/example/circletest/CircleTestApplicationTests-context.xml] does not exist
08:21:48.438 [Test worker] DEBUG org.springframework.test.context.support.AbstractContextLoader - Did not detect default resource location for test class [com.example.circletest.CircleTestApplicationTests]: class path resource [com/example/circletest/CircleTestApplicationTestsContext.groovy] does not exist
08:21:48.438 [Test worker] INFO org.springframework.test.context.support.AbstractContextLoader - Could not detect default resource locations for test class [com.example.circletest.CircleTestApplicationTests]: no resource found for suffixes {-context.xml, Context.groovy}.
08:21:48.439 [Test worker] INFO org.springframework.test.context.support.AnnotationConfigContextLoaderUtils - Could not detect default configuration classes for test class [com.example.circletest.CircleTestApplicationTests]: CircleTestApplicationTests does not declare any static, non-private, non-final, nested classes annotated with @Configuration.
08:21:48.464 [Test worker] DEBUG org.springframework.test.context.support.ActiveProfilesUtils - Could not find an 'annotation declaring class' for annotation type [org.springframework.test.context.ActiveProfiles] and class [com.example.circletest.CircleTestApplicationTests]
08:21:48.494 [Test worker] DEBUG org.springframework.context.annotation.ClassPathScanningCandidateComponentProvider - Identified candidate component class: file [/projects/circle-test/build/classes/java/main/com/example/circletest/CircleTestApplication.class]
08:21:48.494 [Test worker] INFO org.springframework.boot.test.context.SpringBootTestContextBootstrapper - Found @SpringBootConfiguration com.example.circletest.CircleTestApplication for test class com.example.circletest.CircleTestApplicationTests
08:21:48.531 [Test worker] DEBUG org.springframework.boot.test.context.SpringBootTestContextBootstrapper - @TestExecutionListeners is not present for class [com.example.circletest.CircleTestApplicationTests]: using defaults.
08:21:48.531 [Test worker] INFO org.springframework.boot.test.context.SpringBootTestContextBootstrapper - Loaded default TestExecutionListener class names from location [META-INF/spring.factories]: [org.springframework.boot.test.autoconfigure.restdocs.RestDocsTestExecutionListener, org.springframework.boot.test.autoconfigure.web.client.MockRestServiceServerResetTestExecutionListener, org.springframework.boot.test.autoconfigure.web.servlet.MockMvcPrintOnlyOnFailureTestExecutionListener, org.springframework.boot.test.autoconfigure.web.servlet.WebDriverTestExecutionListener, org.springframework.boot.test.mock.mockito.MockitoTestExecutionListener, org.springframework.boot.test.mock.mockito.ResetMocksTestExecutionListener, org.springframework.test.context.web.ServletTestExecutionListener, org.springframework.test.context.support.DirtiesContextBeforeModesTestExecutionListener, org.springframework.test.context.support.DependencyInjectionTestExecutionListener, org.springframework.test.context.support.DirtiesContextTestExecutionListener, org.springframework.test.context.transaction.TransactionalTestExecutionListener, org.springframework.test.context.jdbc.SqlScriptsTestExecutionListener]
08:21:48.535 [Test worker] DEBUG org.springframework.boot.test.context.SpringBootTestContextBootstrapper - Skipping candidate TestExecutionListener [org.springframework.test.context.web.ServletTestExecutionListener] due to a missing dependency. Specify custom listener classes or make the default listener classes and their required dependencies available. Offending class: [javax/servlet/ServletContext]
08:21:48.536 [Test worker] DEBUG org.springframework.boot.test.context.SpringBootTestContextBootstrapper - Skipping candidate TestExecutionListener [org.springframework.test.context.transaction.TransactionalTestExecutionListener] due to a missing dependency. Specify custom listener classes or make the default listener classes and their required dependencies available. Offending class: [org/springframework/transaction/interceptor/TransactionAttributeSource]
08:21:48.536 [Test worker] DEBUG org.springframework.boot.test.context.SpringBootTestContextBootstrapper - Skipping candidate TestExecutionListener [org.springframework.test.context.jdbc.SqlScriptsTestExecutionListener] due to a missing dependency. Specify custom listener classes or make the default listener classes and their required dependencies available. Offending class: [org/springframework/transaction/interceptor/TransactionAttribute]
08:21:48.536 [Test worker] INFO org.springframework.boot.test.context.SpringBootTestContextBootstrapper - Using TestExecutionListeners: [org.springframework.test.context.support.DirtiesContextBeforeModesTestExecutionListener@1c03c7fd, org.springframework.boot.test.mock.mockito.MockitoTestExecutionListener@71f6290c, org.springframework.boot.test.autoconfigure.SpringBootDependencyInjectionTestExecutionListener@2d628d04, org.springframework.test.context.support.DirtiesContextTestExecutionListener@6d95c763, org.springframework.boot.test.autoconfigure.restdocs.RestDocsTestExecutionListener@6f2bd903, org.springframework.boot.test.autoconfigure.web.client.MockRestServiceServerResetTestExecutionListener@2fd533a3, org.springframework.boot.test.autoconfigure.web.servlet.MockMvcPrintOnlyOnFailureTestExecutionListener@16e681f0, org.springframework.boot.test.autoconfigure.web.servlet.WebDriverTestExecutionListener@558be290, org.springframework.boot.test.mock.mockito.ResetMocksTestExecutionListener@64d9cae3]
08:21:48.538 [Test worker] DEBUG org.springframework.test.annotation.ProfileValueUtils - Retrieved @ProfileValueSourceConfiguration [null] for test class [com.example.circletest.CircleTestApplicationTests]
08:21:48.538 [Test worker] DEBUG org.springframework.test.annotation.ProfileValueUtils - Retrieved ProfileValueSource type [class org.springframework.test.annotation.SystemProfileValueSource] for class [com.example.circletest.CircleTestApplicationTests]
08:21:48.538 [Test worker] DEBUG org.springframework.test.annotation.ProfileValueUtils - Retrieved @ProfileValueSourceConfiguration [null] for test class [com.example.circletest.CircleTestApplicationTests]
08:21:48.538 [Test worker] DEBUG org.springframework.test.annotation.ProfileValueUtils - Retrieved ProfileValueSource type [class org.springframework.test.annotation.SystemProfileValueSource] for class [com.example.circletest.CircleTestApplicationTests]
08:21:48.541 [Test worker] DEBUG org.springframework.test.context.support.AbstractDirtiesContextTestExecutionListener - Before test class: context [DefaultTestContext@2628d39c testClass = CircleTestApplicationTests, testInstance = [null], testMethod = [null], testException = [null], mergedContextConfiguration = [MergedContextConfiguration@339f0faa testClass = CircleTestApplicationTests, locations = '{}', classes = '{class com.example.circletest.CircleTestApplication}', contextInitializerClasses = '[]', activeProfiles = '{}', propertySourceLocations = '{}', propertySourceProperties = '{org.springframework.boot.test.context.SpringBootTestContextBootstrapper=true}', contextCustomizers = set[org.springframework.boot.test.autoconfigure.properties.PropertyMappingContextCustomizer@0, org.springframework.boot.test.autoconfigure.web.servlet.WebDriverContextCustomizerFactory$Customizer@78f71603, org.springframework.boot.test.context.filter.ExcludeFilterContextCustomizer@4ca407f5, org.springframework.boot.test.json.DuplicateJsonObjectContextCustomizerFactory$DuplicateJsonObjectContextCustomizer@1de3f26, org.springframework.boot.test.mock.mockito.MockitoContextCustomizer@0, org.springframework.boot.test.web.client.TestRestTemplateContextCustomizer@436520e1], contextLoader = 'org.springframework.boot.test.context.SpringBootContextLoader', parent = [null]], attributes = map[[empty]]], class annotated with @DirtiesContext [false] with mode [null].
08:21:48.541 [Test worker] DEBUG org.springframework.test.annotation.ProfileValueUtils - Retrieved @ProfileValueSourceConfiguration [null] for test class [com.example.circletest.CircleTestApplicationTests]
08:21:48.542 [Test worker] DEBUG org.springframework.test.annotation.ProfileValueUtils - Retrieved ProfileValueSource type [class org.springframework.test.annotation.SystemProfileValueSource] for class [com.example.circletest.CircleTestApplicationTests]
08:21:48.543 [Test worker] DEBUG org.springframework.test.context.support.DependencyInjectionTestExecutionListener - Performing dependency injection for test context [[DefaultTestContext@2628d39c testClass = CircleTestApplicationTests, testInstance = com.example.circletest.CircleTestApplicationTests@7526366c, testMethod = [null], testException = [null], mergedContextConfiguration = [MergedContextConfiguration@339f0faa testClass = CircleTestApplicationTests, locations = '{}', classes = '{class com.example.circletest.CircleTestApplication}', contextInitializerClasses = '[]', activeProfiles = '{}', propertySourceLocations = '{}', propertySourceProperties = '{org.springframework.boot.test.context.SpringBootTestContextBootstrapper=true}', contextCustomizers = set[org.springframework.boot.test.autoconfigure.properties.PropertyMappingContextCustomizer@0, org.springframework.boot.test.autoconfigure.web.servlet.WebDriverContextCustomizerFactory$Customizer@78f71603, org.springframework.boot.test.context.filter.ExcludeFilterContextCustomizer@4ca407f5, org.springframework.boot.test.json.DuplicateJsonObjectContextCustomizerFactory$DuplicateJsonObjectContextCustomizer@1de3f26, org.springframework.boot.test.mock.mockito.MockitoContextCustomizer@0, org.springframework.boot.test.web.client.TestRestTemplateContextCustomizer@436520e1], contextLoader = 'org.springframework.boot.test.context.SpringBootContextLoader', parent = [null]], attributes = map[[empty]]]].
08:21:48.552 [Test worker] DEBUG org.springframework.test.context.support.TestPropertySourceUtils - Adding inlined properties to environment: {spring.jmx.enabled=false, org.springframework.boot.test.context.SpringBootTestContextBootstrapper=true, server.port=-1}

  .   ____          _            __ _ _
 /\\ / ___'_ __ _ _(_)_ __  __ _ \ \ \ \
( ( )\___ | '_ | '_| | '_ \/ _` | \ \ \ \
 \\/  ___)| |_)| | | | | || (_| |  ) ) ) )
  '  |____| .__|_| |_|_| |_\__, | / / / /
 =========|_|==============|___/=/_/_/_/
 :: Spring Boot ::        (v2.1.6.RELEASE)

2019-08-29 08:21:48.667  INFO 16600 --- [    Test worker] c.e.c.CircleTestApplicationTests         : Starting CircleTestApplicationTests on aaron-dell with PID 16600 (started by aaron in /projects/circle-test)
2019-08-29 08:21:48.668  INFO 16600 --- [    Test worker] c.e.c.CircleTestApplicationTests         : No active profile set, falling back to default profiles: default
2019-08-29 08:21:48.901  INFO 16600 --- [    Test worker] c.e.c.CircleTestApplicationTests         : Started CircleTestApplicationTests in 0.348 seconds (JVM running for 0.788)
]]></system-out>
  <system-err><![CDATA[]]></system-err>
</testsuite>
