<?xml version="1.0" encoding="UTF-8"?>
<testsuite name="com.example.circletest.CircleTestApplicationTests" tests="3" skipped="0" failures="0" errors="0" timestamp="2019-07-31T12:57:13" hostname="AaronIlovici-MacBookPro.local" time="5.342">
  <properties/>
  <testcase name="printSomethingOutTest" classname="com.example.circletest.CircleTestApplicationTests" time="0.336"/>
  <testcase name="takeALongTimeTest" classname="com.example.circletest.CircleTestApplicationTests" time="5.004"/>
  <testcase name="contextLoads" classname="com.example.circletest.CircleTestApplicationTests" time="0.001"/>
  <system-out><![CDATA[08:57:12.069 [Test worker] DEBUG org.springframework.test.context.junit4.SpringJUnit4ClassRunner - SpringJUnit4ClassRunner constructor called with [class com.example.circletest.CircleTestApplicationTests]
08:57:12.079 [Test worker] DEBUG org.springframework.test.context.BootstrapUtils - Instantiating CacheAwareContextLoaderDelegate from class [org.springframework.test.context.cache.DefaultCacheAwareContextLoaderDelegate]
08:57:12.094 [Test worker] DEBUG org.springframework.test.context.BootstrapUtils - Instantiating BootstrapContext using constructor [public org.springframework.test.context.support.DefaultBootstrapContext(java.lang.Class,org.springframework.test.context.CacheAwareContextLoaderDelegate)]
08:57:12.125 [Test worker] DEBUG org.springframework.test.context.BootstrapUtils - Instantiating TestContextBootstrapper for test class [com.example.circletest.CircleTestApplicationTests] from class [org.springframework.boot.test.context.SpringBootTestContextBootstrapper]
08:57:12.140 [Test worker] INFO org.springframework.boot.test.context.SpringBootTestContextBootstrapper - Neither @ContextConfiguration nor @ContextHierarchy found for test class [com.example.circletest.CircleTestApplicationTests], using SpringBootContextLoader
08:57:12.145 [Test worker] DEBUG org.springframework.test.context.support.AbstractContextLoader - Did not detect default resource location for test class [com.example.circletest.CircleTestApplicationTests]: class path resource [com/example/circletest/CircleTestApplicationTests-context.xml] does not exist
08:57:12.146 [Test worker] DEBUG org.springframework.test.context.support.AbstractContextLoader - Did not detect default resource location for test class [com.example.circletest.CircleTestApplicationTests]: class path resource [com/example/circletest/CircleTestApplicationTestsContext.groovy] does not exist
08:57:12.146 [Test worker] INFO org.springframework.test.context.support.AbstractContextLoader - Could not detect default resource locations for test class [com.example.circletest.CircleTestApplicationTests]: no resource found for suffixes {-context.xml, Context.groovy}.
08:57:12.147 [Test worker] INFO org.springframework.test.context.support.AnnotationConfigContextLoaderUtils - Could not detect default configuration classes for test class [com.example.circletest.CircleTestApplicationTests]: CircleTestApplicationTests does not declare any static, non-private, non-final, nested classes annotated with @Configuration.
08:57:12.192 [Test worker] DEBUG org.springframework.test.context.support.ActiveProfilesUtils - Could not find an 'annotation declaring class' for annotation type [org.springframework.test.context.ActiveProfiles] and class [com.example.circletest.CircleTestApplicationTests]
08:57:12.275 [Test worker] DEBUG org.springframework.context.annotation.ClassPathScanningCandidateComponentProvider - Identified candidate component class: file [/Users/aaronilovici/projects/circle-test/build/classes/java/main/com/example/circletest/CircleTestApplication.class]
08:57:12.276 [Test worker] INFO org.springframework.boot.test.context.SpringBootTestContextBootstrapper - Found @SpringBootConfiguration com.example.circletest.CircleTestApplication for test class com.example.circletest.CircleTestApplicationTests
08:57:12.388 [Test worker] DEBUG org.springframework.boot.test.context.SpringBootTestContextBootstrapper - @TestExecutionListeners is not present for class [com.example.circletest.CircleTestApplicationTests]: using defaults.
08:57:12.389 [Test worker] INFO org.springframework.boot.test.context.SpringBootTestContextBootstrapper - Loaded default TestExecutionListener class names from location [META-INF/spring.factories]: [org.springframework.boot.test.autoconfigure.restdocs.RestDocsTestExecutionListener, org.springframework.boot.test.autoconfigure.web.client.MockRestServiceServerResetTestExecutionListener, org.springframework.boot.test.autoconfigure.web.servlet.MockMvcPrintOnlyOnFailureTestExecutionListener, org.springframework.boot.test.autoconfigure.web.servlet.WebDriverTestExecutionListener, org.springframework.boot.test.mock.mockito.MockitoTestExecutionListener, org.springframework.boot.test.mock.mockito.ResetMocksTestExecutionListener, org.springframework.test.context.web.ServletTestExecutionListener, org.springframework.test.context.support.DirtiesContextBeforeModesTestExecutionListener, org.springframework.test.context.support.DependencyInjectionTestExecutionListener, org.springframework.test.context.support.DirtiesContextTestExecutionListener, org.springframework.test.context.transaction.TransactionalTestExecutionListener, org.springframework.test.context.jdbc.SqlScriptsTestExecutionListener]
08:57:12.401 [Test worker] DEBUG org.springframework.boot.test.context.SpringBootTestContextBootstrapper - Skipping candidate TestExecutionListener [org.springframework.test.context.web.ServletTestExecutionListener] due to a missing dependency. Specify custom listener classes or make the default listener classes and their required dependencies available. Offending class: [javax/servlet/ServletContext]
08:57:12.403 [Test worker] DEBUG org.springframework.boot.test.context.SpringBootTestContextBootstrapper - Skipping candidate TestExecutionListener [org.springframework.test.context.transaction.TransactionalTestExecutionListener] due to a missing dependency. Specify custom listener classes or make the default listener classes and their required dependencies available. Offending class: [org/springframework/transaction/interceptor/TransactionAttributeSource]
08:57:12.403 [Test worker] DEBUG org.springframework.boot.test.context.SpringBootTestContextBootstrapper - Skipping candidate TestExecutionListener [org.springframework.test.context.jdbc.SqlScriptsTestExecutionListener] due to a missing dependency. Specify custom listener classes or make the default listener classes and their required dependencies available. Offending class: [org/springframework/transaction/interceptor/TransactionAttribute]
08:57:12.403 [Test worker] INFO org.springframework.boot.test.context.SpringBootTestContextBootstrapper - Using TestExecutionListeners: [org.springframework.test.context.support.DirtiesContextBeforeModesTestExecutionListener@68c89cfd, org.springframework.boot.test.mock.mockito.MockitoTestExecutionListener@2c4f4c8f, org.springframework.boot.test.autoconfigure.SpringBootDependencyInjectionTestExecutionListener@764c5e88, org.springframework.test.context.support.DirtiesContextTestExecutionListener@7d01b3c3, org.springframework.boot.test.autoconfigure.restdocs.RestDocsTestExecutionListener@5102e7ea, org.springframework.boot.test.autoconfigure.web.client.MockRestServiceServerResetTestExecutionListener@77ff271, org.springframework.boot.test.autoconfigure.web.servlet.MockMvcPrintOnlyOnFailureTestExecutionListener@13d35408, org.springframework.boot.test.autoconfigure.web.servlet.WebDriverTestExecutionListener@633c621a, org.springframework.boot.test.mock.mockito.ResetMocksTestExecutionListener@2547e420]
08:57:12.406 [Test worker] DEBUG org.springframework.test.annotation.ProfileValueUtils - Retrieved @ProfileValueSourceConfiguration [null] for test class [com.example.circletest.CircleTestApplicationTests]
08:57:12.407 [Test worker] DEBUG org.springframework.test.annotation.ProfileValueUtils - Retrieved ProfileValueSource type [class org.springframework.test.annotation.SystemProfileValueSource] for class [com.example.circletest.CircleTestApplicationTests]
08:57:12.407 [Test worker] DEBUG org.springframework.test.annotation.ProfileValueUtils - Retrieved @ProfileValueSourceConfiguration [null] for test class [com.example.circletest.CircleTestApplicationTests]
08:57:12.408 [Test worker] DEBUG org.springframework.test.annotation.ProfileValueUtils - Retrieved ProfileValueSource type [class org.springframework.test.annotation.SystemProfileValueSource] for class [com.example.circletest.CircleTestApplicationTests]
08:57:12.413 [Test worker] DEBUG org.springframework.test.context.support.AbstractDirtiesContextTestExecutionListener - Before test class: context [DefaultTestContext@355041f5 testClass = CircleTestApplicationTests, testInstance = [null], testMethod = [null], testException = [null], mergedContextConfiguration = [MergedContextConfiguration@7ba3378f testClass = CircleTestApplicationTests, locations = '{}', classes = '{class com.example.circletest.CircleTestApplication}', contextInitializerClasses = '[]', activeProfiles = '{}', propertySourceLocations = '{}', propertySourceProperties = '{org.springframework.boot.test.context.SpringBootTestContextBootstrapper=true}', contextCustomizers = set[org.springframework.boot.test.autoconfigure.properties.PropertyMappingContextCustomizer@0, org.springframework.boot.test.autoconfigure.web.servlet.WebDriverContextCustomizerFactory$Customizer@58f51ac9, org.springframework.boot.test.context.filter.ExcludeFilterContextCustomizer@cbe2cf4, org.springframework.boot.test.json.DuplicateJsonObjectContextCustomizerFactory$DuplicateJsonObjectContextCustomizer@8163554, org.springframework.boot.test.mock.mockito.MockitoContextCustomizer@0, org.springframework.boot.test.web.client.TestRestTemplateContextCustomizer@79b17edb], contextLoader = 'org.springframework.boot.test.context.SpringBootContextLoader', parent = [null]], attributes = map[[empty]]], class annotated with @DirtiesContext [false] with mode [null].
08:57:12.414 [Test worker] DEBUG org.springframework.test.annotation.ProfileValueUtils - Retrieved @ProfileValueSourceConfiguration [null] for test class [com.example.circletest.CircleTestApplicationTests]
08:57:12.414 [Test worker] DEBUG org.springframework.test.annotation.ProfileValueUtils - Retrieved ProfileValueSource type [class org.springframework.test.annotation.SystemProfileValueSource] for class [com.example.circletest.CircleTestApplicationTests]
08:57:12.419 [Test worker] DEBUG org.springframework.test.context.support.DependencyInjectionTestExecutionListener - Performing dependency injection for test context [[DefaultTestContext@355041f5 testClass = CircleTestApplicationTests, testInstance = com.example.circletest.CircleTestApplicationTests@4f569b17, testMethod = [null], testException = [null], mergedContextConfiguration = [MergedContextConfiguration@7ba3378f testClass = CircleTestApplicationTests, locations = '{}', classes = '{class com.example.circletest.CircleTestApplication}', contextInitializerClasses = '[]', activeProfiles = '{}', propertySourceLocations = '{}', propertySourceProperties = '{org.springframework.boot.test.context.SpringBootTestContextBootstrapper=true}', contextCustomizers = set[org.springframework.boot.test.autoconfigure.properties.PropertyMappingContextCustomizer@0, org.springframework.boot.test.autoconfigure.web.servlet.WebDriverContextCustomizerFactory$Customizer@58f51ac9, org.springframework.boot.test.context.filter.ExcludeFilterContextCustomizer@cbe2cf4, org.springframework.boot.test.json.DuplicateJsonObjectContextCustomizerFactory$DuplicateJsonObjectContextCustomizer@8163554, org.springframework.boot.test.mock.mockito.MockitoContextCustomizer@0, org.springframework.boot.test.web.client.TestRestTemplateContextCustomizer@79b17edb], contextLoader = 'org.springframework.boot.test.context.SpringBootContextLoader', parent = [null]], attributes = map[[empty]]]].
08:57:12.447 [Test worker] DEBUG org.springframework.test.context.support.TestPropertySourceUtils - Adding inlined properties to environment: {spring.jmx.enabled=false, org.springframework.boot.test.context.SpringBootTestContextBootstrapper=true, server.port=-1}

  .   ____          _            __ _ _
 /\\ / ___'_ __ _ _(_)_ __  __ _ \ \ \ \
( ( )\___ | '_ | '_| | '_ \/ _` | \ \ \ \
 \\/  ___)| |_)| | | | | || (_| |  ) ) ) )
  '  |____| .__|_| |_|_| |_\__, | / / / /
 =========|_|==============|___/=/_/_/_/
 :: Spring Boot ::        (v2.1.6.RELEASE)

2019-07-31 08:57:12.726  INFO 11315 --- [    Test worker] c.e.c.CircleTestApplicationTests         : Starting CircleTestApplicationTests on AaronIlovici-MacBookPro.local with PID 11315 (started by aaronilovici in /Users/aaronilovici/projects/circle-test)
2019-07-31 08:57:12.727  INFO 11315 --- [    Test worker] c.e.c.CircleTestApplicationTests         : No active profile set, falling back to default profiles: default
2019-07-31 08:57:13.225  INFO 11315 --- [    Test worker] c.e.c.CircleTestApplicationTests         : Started CircleTestApplicationTests in 0.773 seconds (JVM running for 1.811)
Something.
]]></system-out>
  <system-err><![CDATA[]]></system-err>
</testsuite>
